2025-03-11T17:27:08.365+05:30  INFO 27327 --- [manishboard] [main] k.m.manishboard.ManishboardApplication   : Starting ManishboardApplication v0.0.1-SNAPSHOT using Java 21.0.6 with PID 27327 (/home/manish.kumar201/personal/github.manishboard/backend/target/manishboard-0.0.1-SNAPSHOT.jar started by manish.kumar201 in /home/manish.kumar201/personal/github.manishboard/backend)
2025-03-11T17:27:08.392+05:30  INFO 27327 --- [manishboard] [main] k.m.manishboard.ManishboardApplication   : The following 1 profile is active: "${PROFILE}"
2025-03-11T17:27:09.358+05:30  INFO 27327 --- [manishboard] [main] .s.d.r.c.RepositoryConfigurationDelegate : Bootstrapping Spring Data JPA repositories in DEFAULT mode.
2025-03-11T17:27:09.449+05:30  INFO 27327 --- [manishboard] [main] .s.d.r.c.RepositoryConfigurationDelegate : Finished Spring Data repository scanning in 84 ms. Found 2 JPA repository interfaces.
2025-03-11T17:27:10.108+05:30  INFO 27327 --- [manishboard] [main] o.s.b.w.embedded.tomcat.TomcatWebServer  : Tomcat initialized with port 8080 (http)
2025-03-11T17:27:10.120+05:30  INFO 27327 --- [manishboard] [main] o.apache.catalina.core.StandardService   : Starting service [Tomcat]
2025-03-11T17:27:10.121+05:30  INFO 27327 --- [manishboard] [main] o.apache.catalina.core.StandardEngine    : Starting Servlet engine: [Apache Tomcat/10.1.31]
2025-03-11T17:27:10.157+05:30  INFO 27327 --- [manishboard] [main] o.a.c.c.C.[Tomcat].[localhost].[/]       : Initializing Spring embedded WebApplicationContext
2025-03-11T17:27:10.158+05:30  INFO 27327 --- [manishboard] [main] w.s.c.ServletWebServerApplicationContext : Root WebApplicationContext: initialization completed in 1601 ms
2025-03-11T17:27:10.220+05:30 ERROR 27327 --- [manishboard] [main] o.s.b.web.embedded.tomcat.TomcatStarter  : Error starting Tomcat context. Exception: org.springframework.beans.factory.UnsatisfiedDependencyException. Message: Error creating bean with name 'jwtRequestFilter': Unsatisfied dependency expressed through field 'userDetailsService': Error creating bean with name 'userDetailsService' defined in class path resource [kr/manish/manishboard/config/SecurityConfig.class]: Unsatisfied dependency expressed through method 'userDetailsService' parameter 0: Error creating bean with name 'userRepository' defined in kr.manish.manishboard.repository.UserRepository defined in @EnableJpaRepositories declared on JpaRepositoriesRegistrar.EnableJpaRepositoriesConfiguration: Cannot resolve reference to bean 'jpaSharedEM_entityManagerFactory' while setting bean property 'entityManager'
2025-03-11T17:27:10.247+05:30  INFO 27327 --- [manishboard] [main] o.apache.catalina.core.StandardService   : Stopping service [Tomcat]
2025-03-11T17:27:10.263+05:30  WARN 27327 --- [manishboard] [main] ConfigServletWebServerApplicationContext : Exception encountered during context initialization - cancelling refresh attempt: org.springframework.context.ApplicationContextException: Unable to start web server
2025-03-11T17:27:10.280+05:30  INFO 27327 --- [manishboard] [main] .s.b.a.l.ConditionEvaluationReportLogger : 

Error starting ApplicationContext. To display the condition evaluation report re-run your application with 'debug' enabled.
2025-03-11T17:27:10.304+05:30 ERROR 27327 --- [manishboard] [main] o.s.b.d.LoggingFailureAnalysisReporter   : 

***************************
APPLICATION FAILED TO START
***************************

Description:

Failed to configure a DataSource: 'url' attribute is not specified and no embedded datasource could be configured.

Reason: Failed to determine a suitable driver class


Action:

Consider the following:
	If you want an embedded database (H2, HSQL or Derby), please put it on the classpath.
	If you have database settings to be loaded from a particular profile you may need to activate it (the profiles ${PROFILE} are currently active).

2025-03-11T17:29:46.915+05:30  INFO 28520 --- [manishboard] [main] k.m.manishboard.ManishboardApplication   : Starting ManishboardApplication v0.0.1-SNAPSHOT using Java 21.0.6 with PID 28520 (/home/manish.kumar201/personal/github.manishboard/backend/target/manishboard-0.0.1-SNAPSHOT.jar started by manish.kumar201 in /home/manish.kumar201/personal/github.manishboard/backend)
2025-03-11T17:29:46.918+05:30  INFO 28520 --- [manishboard] [main] k.m.manishboard.ManishboardApplication   : The following 1 profile is active: "${PROFILE}"
2025-03-11T17:29:47.659+05:30  INFO 28520 --- [manishboard] [main] .s.d.r.c.RepositoryConfigurationDelegate : Bootstrapping Spring Data JPA repositories in DEFAULT mode.
2025-03-11T17:29:47.759+05:30  INFO 28520 --- [manishboard] [main] .s.d.r.c.RepositoryConfigurationDelegate : Finished Spring Data repository scanning in 91 ms. Found 2 JPA repository interfaces.
2025-03-11T17:29:48.387+05:30  INFO 28520 --- [manishboard] [main] o.s.b.w.embedded.tomcat.TomcatWebServer  : Tomcat initialized with port 8080 (http)
2025-03-11T17:29:48.405+05:30  INFO 28520 --- [manishboard] [main] o.apache.catalina.core.StandardService   : Starting service [Tomcat]
2025-03-11T17:29:48.405+05:30  INFO 28520 --- [manishboard] [main] o.apache.catalina.core.StandardEngine    : Starting Servlet engine: [Apache Tomcat/10.1.31]
2025-03-11T17:29:48.454+05:30  INFO 28520 --- [manishboard] [main] o.a.c.c.C.[Tomcat].[localhost].[/]       : Initializing Spring embedded WebApplicationContext
2025-03-11T17:29:48.454+05:30  INFO 28520 --- [manishboard] [main] w.s.c.ServletWebServerApplicationContext : Root WebApplicationContext: initialization completed in 1486 ms
2025-03-11T17:29:48.537+05:30 ERROR 28520 --- [manishboard] [main] o.s.b.web.embedded.tomcat.TomcatStarter  : Error starting Tomcat context. Exception: org.springframework.beans.factory.UnsatisfiedDependencyException. Message: Error creating bean with name 'jwtRequestFilter': Unsatisfied dependency expressed through field 'userDetailsService': Error creating bean with name 'userDetailsService' defined in class path resource [kr/manish/manishboard/config/SecurityConfig.class]: Unsatisfied dependency expressed through method 'userDetailsService' parameter 0: Error creating bean with name 'userRepository' defined in kr.manish.manishboard.repository.UserRepository defined in @EnableJpaRepositories declared on JpaRepositoriesRegistrar.EnableJpaRepositoriesConfiguration: Cannot resolve reference to bean 'jpaSharedEM_entityManagerFactory' while setting bean property 'entityManager'
2025-03-11T17:29:48.572+05:30  INFO 28520 --- [manishboard] [main] o.apache.catalina.core.StandardService   : Stopping service [Tomcat]
2025-03-11T17:29:48.593+05:30  WARN 28520 --- [manishboard] [main] ConfigServletWebServerApplicationContext : Exception encountered during context initialization - cancelling refresh attempt: org.springframework.context.ApplicationContextException: Unable to start web server
2025-03-11T17:29:48.613+05:30  INFO 28520 --- [manishboard] [main] .s.b.a.l.ConditionEvaluationReportLogger : 

Error starting ApplicationContext. To display the condition evaluation report re-run your application with 'debug' enabled.
2025-03-11T17:29:48.640+05:30 ERROR 28520 --- [manishboard] [main] o.s.b.d.LoggingFailureAnalysisReporter   : 

***************************
APPLICATION FAILED TO START
***************************

Description:

Failed to configure a DataSource: 'url' attribute is not specified and no embedded datasource could be configured.

Reason: Failed to determine a suitable driver class


Action:

Consider the following:
	If you want an embedded database (H2, HSQL or Derby), please put it on the classpath.
	If you have database settings to be loaded from a particular profile you may need to activate it (the profiles ${PROFILE} are currently active).

2025-03-11T17:30:53.430+05:30  INFO 29080 --- [manishboard] [main] k.m.manishboard.ManishboardApplication   : Starting ManishboardApplication v0.0.1-SNAPSHOT using Java 21.0.6 with PID 29080 (/home/manish.kumar201/personal/github.manishboard/backend/target/manishboard-0.0.1-SNAPSHOT.jar started by manish.kumar201 in /home/manish.kumar201/personal/github.manishboard/backend)
2025-03-11T17:30:53.433+05:30  INFO 29080 --- [manishboard] [main] k.m.manishboard.ManishboardApplication   : The following 1 profile is active: "global"
2025-03-11T17:30:54.224+05:30  INFO 29080 --- [manishboard] [main] .s.d.r.c.RepositoryConfigurationDelegate : Bootstrapping Spring Data JPA repositories in DEFAULT mode.
2025-03-11T17:30:54.324+05:30  INFO 29080 --- [manishboard] [main] .s.d.r.c.RepositoryConfigurationDelegate : Finished Spring Data repository scanning in 88 ms. Found 2 JPA repository interfaces.
2025-03-11T17:30:54.895+05:30  INFO 29080 --- [manishboard] [main] o.s.b.w.embedded.tomcat.TomcatWebServer  : Tomcat initialized with port 8080 (http)
2025-03-11T17:30:54.910+05:30  INFO 29080 --- [manishboard] [main] o.apache.catalina.core.StandardService   : Starting service [Tomcat]
2025-03-11T17:30:54.910+05:30  INFO 29080 --- [manishboard] [main] o.apache.catalina.core.StandardEngine    : Starting Servlet engine: [Apache Tomcat/10.1.31]
2025-03-11T17:30:54.958+05:30  INFO 29080 --- [manishboard] [main] o.a.c.c.C.[Tomcat].[localhost].[/]       : Initializing Spring embedded WebApplicationContext
2025-03-11T17:30:54.959+05:30  INFO 29080 --- [manishboard] [main] w.s.c.ServletWebServerApplicationContext : Root WebApplicationContext: initialization completed in 1466 ms
2025-03-11T17:30:55.197+05:30  INFO 29080 --- [manishboard] [main] o.hibernate.jpa.internal.util.LogHelper  : HHH000204: Processing PersistenceUnitInfo [name: default]
2025-03-11T17:30:55.305+05:30  INFO 29080 --- [manishboard] [main] org.hibernate.Version                    : HHH000412: Hibernate ORM core version 6.5.3.Final
2025-03-11T17:30:55.365+05:30  INFO 29080 --- [manishboard] [main] o.h.c.internal.RegionFactoryInitiator    : HHH000026: Second-level cache disabled
2025-03-11T17:30:55.739+05:30  INFO 29080 --- [manishboard] [main] o.s.o.j.p.SpringPersistenceUnitInfo      : No LoadTimeWeaver setup: ignoring JPA class transformer
2025-03-11T17:30:55.782+05:30  INFO 29080 --- [manishboard] [main] com.zaxxer.hikari.HikariDataSource       : HikariPool-1 - Starting...
2025-03-11T17:31:00.492+05:30  INFO 29080 --- [manishboard] [main] com.zaxxer.hikari.pool.HikariPool        : HikariPool-1 - Added connection com.mysql.cj.jdbc.ConnectionImpl@fee881
2025-03-11T17:31:00.494+05:30  INFO 29080 --- [manishboard] [main] com.zaxxer.hikari.HikariDataSource       : HikariPool-1 - Start completed.
2025-03-11T17:31:01.813+05:30  INFO 29080 --- [manishboard] [main] o.h.e.t.j.p.i.JtaPlatformInitiator       : HHH000489: No JTA platform available (set 'hibernate.transaction.jta.platform' to enable JTA platform integration)
2025-03-11T17:31:03.573+05:30  INFO 29080 --- [manishboard] [main] j.LocalContainerEntityManagerFactoryBean : Initialized JPA EntityManagerFactory for persistence unit 'default'
2025-03-11T17:31:03.981+05:30  WARN 29080 --- [manishboard] [main] JpaBaseConfiguration$JpaWebConfiguration : spring.jpa.open-in-view is enabled by default. Therefore, database queries may be performed during view rendering. Explicitly configure spring.jpa.open-in-view to disable this warning
2025-03-11T17:31:04.036+05:30  WARN 29080 --- [manishboard] [main] r$InitializeUserDetailsManagerConfigurer : Found 2 UserDetailsService beans, with names [userService, userDetailsService]. Global Authentication Manager will not use a UserDetailsService for username/password login. Consider publishing a single UserDetailsService bean.
2025-03-11T17:31:04.666+05:30  INFO 29080 --- [manishboard] [main] o.s.b.w.embedded.tomcat.TomcatWebServer  : Tomcat started on port 8080 (http) with context path '/'
2025-03-11T17:31:04.681+05:30  INFO 29080 --- [manishboard] [main] k.m.manishboard.ManishboardApplication   : Started ManishboardApplication in 11.712 seconds (process running for 12.173)
2025-03-11T17:31:10.964+05:30  INFO 29080 --- [manishboard] [SpringApplicationShutdownHook] j.LocalContainerEntityManagerFactoryBean : Closing JPA EntityManagerFactory for persistence unit 'default'
2025-03-11T17:31:10.967+05:30  INFO 29080 --- [manishboard] [SpringApplicationShutdownHook] com.zaxxer.hikari.HikariDataSource       : HikariPool-1 - Shutdown initiated...
2025-03-11T17:31:12.344+05:30  INFO 29080 --- [manishboard] [SpringApplicationShutdownHook] com.zaxxer.hikari.HikariDataSource       : HikariPool-1 - Shutdown completed.
